<?xml version="1.0" encoding="UTF-8"?>
<testng-results skipped="0" failed="0" ignored="0" total="1" passed="1">
  <reporter-output>
  </reporter-output>
  <suite name="Default suite" duration-ms="18485" started-at="2018-03-12T18:55:53Z" finished-at="2018-03-12T18:56:11Z">
    <groups>
    </groups>
    <test name="Default test" duration-ms="18485" started-at="2018-03-12T18:55:53Z" finished-at="2018-03-12T18:56:11Z">
      <class name="sample.maven.SampleMavTest">
        <test-method status="PASS" signature="Sample()[pri:0, instance:sample.maven.SampleMavTest@78e67e0a]" name="Sample" duration-ms="18421" started-at="2018-03-12T18:55:53Z" finished-at="2018-03-12T18:56:11Z">
          <reporter-output>
          </reporter-output>
        </test-method> <!-- Sample -->
      </class> <!-- sample.maven.SampleMavTest -->
    </test> <!-- Default test -->
  </suite> <!-- Default suite -->
</testng-results>
